<?xml version="1.0" encoding="UTF-8"?>
<testng-results ignored="0" total="1" passed="1" failed="0" skipped="0">
  <reporter-output>
  </reporter-output>
  <suite started-at="2024-06-20T13:42:45 IST" name="Suite" finished-at="2024-06-20T13:42:56 IST" duration-ms="11925">
    <groups>
    </groups>
    <test started-at="2024-06-20T13:42:45 IST" name="Test" finished-at="2024-06-20T13:42:56 IST" duration-ms="11925">
      <class name="TestCases.QaLegend_TestCases">
        <test-method is-config="true" signature="initialization()[pri:0, instance:TestCases.QaLegend_TestCases@72967906]" started-at="2024-06-20T13:42:45 IST" name="initialization" finished-at="2024-06-20T13:42:56 IST" duration-ms="11891" status="PASS">
          <reporter-output>
          </reporter-output>
        </test-method> <!-- initialization -->
        <test-method signature="addEditNotes()[pri:0, instance:TestCases.QaLegend_TestCases@72967906]" started-at="2024-06-20T13:42:56 IST" name="addEditNotes" finished-at="2024-06-20T13:42:56 IST" duration-ms="3" status="PASS">
          <reporter-output>
          </reporter-output>
        </test-method> <!-- addEditNotes -->
      </class> <!-- TestCases.QaLegend_TestCases -->
    </test> <!-- Test -->
  </suite> <!-- Suite -->
</testng-results>
